<?xml version="1.0" encoding="UTF-8"?>
<!-- Generated by org.testng.reporters.JUnitXMLReporter -->
<testsuite hostname="DESKTOP-5GI3OCP" ignored="0" name="Free CRM App Test Cases" tests="5" failures="0" timestamp="05 May 2021 19:42:41 GMT" time="79.195" errors="0">
  <testcase name="validateContactLogoTest" time="0.215" classname="com.qa.crm.testes.ContactTest"/>
  <testcase name="validateMultipleUserTest" time="2.389" classname="com.qa.crm.testes.ContactTest"/>
  <testcase name="validateNewContactTest" time="19.553" classname="com.qa.crm.testes.ContactTest"/>
  <testcase name="validateSingleUserTest" time="2.305" classname="com.qa.crm.testes.ContactTest"/>
  <testcase name="validateTitleTest" time="0.057" classname="com.qa.crm.testes.LoginTest"/>
</testsuite> <!-- Free CRM App Test Cases -->
