<?xml version="1.0" encoding="UTF-8"?>
<!-- Generated by org.testng.reporters.JUnitXMLReporter -->
<testsuite hostname="DESKTOP-5GI3OCP" ignored="3" name="Default test" tests="1" failures="0" timestamp="04 May 2021 20:33:03 GMT" time="33.843" errors="0">
  <testcase name="validateNewContactTest" time="16.724" classname="com.qa.crm.testes.ContactTest"/>
  <testcase name="validateSingleUserTest" time="0.0" classname="com.qa.crm.testes.ContactTest">
    <ignored/>
  </testcase> <!-- validateSingleUserTest -->
  <testcase name="validateMultipleUserTest" time="0.0" classname="com.qa.crm.testes.ContactTest">
    <ignored/>
  </testcase> <!-- validateMultipleUserTest -->
  <testcase name="validateContactLogoTest" time="0.0" classname="com.qa.crm.testes.ContactTest">
    <ignored/>
  </testcase> <!-- validateContactLogoTest -->
</testsuite> <!-- Default test -->
