<?xml version="1.0" encoding="UTF-8"?>
<testng-results skipped="0" failed="0" ignored="0" total="5" passed="5">
  <reporter-output>
  </reporter-output>
  <suite name="FREE CRM Application Test Automation Test Suite" duration-ms="79195" started-at="2021-05-05T19:41:22Z" finished-at="2021-05-05T19:42:41Z">
    <groups>
    </groups>
    <test name="Free CRM App Test Cases" duration-ms="79195" started-at="2021-05-05T19:41:22Z" finished-at="2021-05-05T19:42:41Z">
      <class name="com.qa.crm.testes.LoginTest">
        <test-method status="PASS" signature="setUp()[pri:0, instance:com.qa.crm.testes.LoginTest@4b4523f8]" name="setUp" is-config="true" duration-ms="5213" started-at="2021-05-05T19:42:35Z" finished-at="2021-05-05T19:42:40Z">
          <reporter-output>
          </reporter-output>
        </test-method> <!-- setUp -->
        <test-method status="PASS" signature="validateTitleTest()[pri:1, instance:com.qa.crm.testes.LoginTest@4b4523f8]" name="validateTitleTest" duration-ms="57" started-at="2021-05-05T19:42:40Z" finished-at="2021-05-05T19:42:40Z">
          <reporter-output>
          </reporter-output>
        </test-method> <!-- validateTitleTest -->
        <test-method status="PASS" signature="tearDown()[pri:0, instance:com.qa.crm.testes.LoginTest@4b4523f8]" name="tearDown" is-config="true" duration-ms="875" started-at="2021-05-05T19:42:40Z" finished-at="2021-05-05T19:42:41Z">
          <reporter-output>
          </reporter-output>
        </test-method> <!-- tearDown -->
      </class> <!-- com.qa.crm.testes.LoginTest -->
      <class name="com.qa.crm.testes.ContactTest">
        <test-method status="PASS" signature="setUp()[pri:0, instance:com.qa.crm.testes.ContactTest@369f73a2]" name="setUp" is-config="true" duration-ms="12215" started-at="2021-05-05T19:41:22Z" finished-at="2021-05-05T19:41:34Z">
          <reporter-output>
          </reporter-output>
        </test-method> <!-- setUp -->
        <test-method status="PASS" signature="validateContactLogoTest()[pri:0, instance:com.qa.crm.testes.ContactTest@369f73a2]" name="validateContactLogoTest" duration-ms="215" started-at="2021-05-05T19:41:34Z" finished-at="2021-05-05T19:41:35Z">
          <reporter-output>
          </reporter-output>
        </test-method> <!-- validateContactLogoTest -->
        <test-method status="PASS" signature="tearDown()[pri:0, instance:com.qa.crm.testes.ContactTest@369f73a2]" name="tearDown" is-config="true" duration-ms="1011" started-at="2021-05-05T19:41:35Z" finished-at="2021-05-05T19:41:36Z">
          <reporter-output>
          </reporter-output>
        </test-method> <!-- tearDown -->
        <test-method status="PASS" signature="setUp()[pri:0, instance:com.qa.crm.testes.ContactTest@369f73a2]" name="setUp" is-config="true" duration-ms="9646" started-at="2021-05-05T19:41:36Z" finished-at="2021-05-05T19:41:45Z">
          <reporter-output>
          </reporter-output>
        </test-method> <!-- setUp -->
        <test-method status="PASS" signature="validateMultipleUserTest()[pri:0, instance:com.qa.crm.testes.ContactTest@369f73a2]" name="validateMultipleUserTest" duration-ms="2389" started-at="2021-05-05T19:41:45Z" finished-at="2021-05-05T19:41:48Z">
          <reporter-output>
          </reporter-output>
        </test-method> <!-- validateMultipleUserTest -->
        <test-method status="PASS" signature="tearDown()[pri:0, instance:com.qa.crm.testes.ContactTest@369f73a2]" name="tearDown" is-config="true" duration-ms="1328" started-at="2021-05-05T19:41:48Z" finished-at="2021-05-05T19:41:49Z">
          <reporter-output>
          </reporter-output>
        </test-method> <!-- tearDown -->
        <test-method status="PASS" signature="setUp()[pri:0, instance:com.qa.crm.testes.ContactTest@369f73a2]" name="setUp" is-config="true" duration-ms="11731" started-at="2021-05-05T19:41:49Z" finished-at="2021-05-05T19:42:01Z">
          <reporter-output>
          </reporter-output>
        </test-method> <!-- setUp -->
        <test-method status="PASS" signature="validateNewContactTest()[pri:0, instance:com.qa.crm.testes.ContactTest@369f73a2]" name="validateNewContactTest" duration-ms="19553" started-at="2021-05-05T19:42:01Z" finished-at="2021-05-05T19:42:20Z">
          <reporter-output>
          </reporter-output>
        </test-method> <!-- validateNewContactTest -->
        <test-method status="PASS" signature="tearDown()[pri:0, instance:com.qa.crm.testes.ContactTest@369f73a2]" name="tearDown" is-config="true" duration-ms="996" started-at="2021-05-05T19:42:20Z" finished-at="2021-05-05T19:42:21Z">
          <reporter-output>
          </reporter-output>
        </test-method> <!-- tearDown -->
        <test-method status="PASS" signature="setUp()[pri:0, instance:com.qa.crm.testes.ContactTest@369f73a2]" name="setUp" is-config="true" duration-ms="10630" started-at="2021-05-05T19:42:21Z" finished-at="2021-05-05T19:42:32Z">
          <reporter-output>
          </reporter-output>
        </test-method> <!-- setUp -->
        <test-method status="PASS" signature="validateSingleUserTest()[pri:0, instance:com.qa.crm.testes.ContactTest@369f73a2]" name="validateSingleUserTest" duration-ms="2305" started-at="2021-05-05T19:42:32Z" finished-at="2021-05-05T19:42:34Z">
          <reporter-output>
          </reporter-output>
        </test-method> <!-- validateSingleUserTest -->
        <test-method status="PASS" signature="tearDown()[pri:0, instance:com.qa.crm.testes.ContactTest@369f73a2]" name="tearDown" is-config="true" duration-ms="947" started-at="2021-05-05T19:42:34Z" finished-at="2021-05-05T19:42:35Z">
          <reporter-output>
          </reporter-output>
        </test-method> <!-- tearDown -->
      </class> <!-- com.qa.crm.testes.ContactTest -->
    </test> <!-- Free CRM App Test Cases -->
  </suite> <!-- FREE CRM Application Test Automation Test Suite -->
</testng-results>
